/*C1*/SET SCHEMA SYSTEM_LOBS
INSERT INTO BLOCKS VALUES(0,2147483647,0)
COMMIT
/*C2*/SET SCHEMA PUBLIC
CREATE TABLE IF NOT EXISTS AL_CONFIGURATION ( PROPERTY_NAME VARCHAR(255) NOT NULL UNIQUE , PROPERTY_VALUE LONGVARCHAR ) 
CREATE TABLE IF NOT EXISTS AL_GROUPS ( GROUP_NAME VARCHAR(255) NOT NULL PRIMARY KEY , DESCRIPTION LONGVARCHAR ) 
CREATE TABLE IF NOT EXISTS AL_TABLES ( TABLE_NAME VARCHAR(255) NOT NULL PRIMARY KEY , GROUP_NAME VARCHAR(255) , DESCRIPTION LONGVARCHAR ) 
CREATE TABLE IF NOT EXISTS AL_CUSTOM_TYPE ( TABLE_NAME VARCHAR(255) , COLUMN_NAME VARCHAR(255) , TYPE VARCHAR(255) , NAME VARCHAR(255) ) 
CREATE TABLE IF NOT EXISTS AL_VIEWS ( VIEW_NAME VARCHAR(255) NOT NULL UNIQUE , VIEW_DEFINITION LONGVARCHAR , IS_VALID BOOLEAN ) 
CREATE TABLE IF NOT EXISTS AL_SELECTED_LOG_OBJECTS ( NAME VARCHAR(255) NOT NULL UNIQUE , TYPE VARCHAR(255) ) 
CREATE TABLE IF NOT EXISTS AL_DB_OBJECTS ( NAME VARCHAR(255) NOT NULL UNIQUE , TYPE VARCHAR(255) , USAGE VARCHAR(255) ) 
INSERT INTO AL_CONFIGURATION VALUES('VERSION','7.2.0')
INSERT INTO AL_SELECTED_LOG_OBJECTS VALUES('agents_log','VIEW')
INSERT INTO AL_SELECTED_LOG_OBJECTS VALUES('library_blocks_log','VIEW')
INSERT INTO AL_SELECTED_LOG_OBJECTS VALUES('agent_parameters_log','VIEW')
INSERT INTO AL_SELECTED_LOG_OBJECTS VALUES('library_block_parameters_log','VIEW')
INSERT INTO AL_SELECTED_LOG_OBJECTS VALUES('agent_movement_log','VIEW')
INSERT INTO AL_SELECTED_LOG_OBJECTS VALUES('agent_movement_stats_log','VIEW')
INSERT INTO AL_SELECTED_LOG_OBJECTS VALUES('agent_messages_log','VIEW')
INSERT INTO AL_SELECTED_LOG_OBJECTS VALUES('events_log','VIEW')
INSERT INTO AL_SELECTED_LOG_OBJECTS VALUES('flowchart_entries_log','VIEW')
INSERT INTO AL_SELECTED_LOG_OBJECTS VALUES('flowchart_process_states_log','VIEW')
INSERT INTO AL_SELECTED_LOG_OBJECTS VALUES('flowchart_stats_time_in_state_log','VIEW')
INSERT INTO AL_SELECTED_LOG_OBJECTS VALUES('resource_unit_states_log','VIEW')
INSERT INTO AL_SELECTED_LOG_OBJECTS VALUES('resource_unit_task_stats_log','VIEW')
INSERT INTO AL_SELECTED_LOG_OBJECTS VALUES('resource_pool_task_stats_log','VIEW')
INSERT INTO AL_SELECTED_LOG_OBJECTS VALUES('resource_pool_utilization_log','VIEW')
INSERT INTO AL_SELECTED_LOG_OBJECTS VALUES('resource_unit_utilization_log','VIEW')
INSERT INTO AL_SELECTED_LOG_OBJECTS VALUES('statechart_transitions_log','VIEW')
INSERT INTO AL_SELECTED_LOG_OBJECTS VALUES('agent_statechart_states_log','VIEW')
INSERT INTO AL_SELECTED_LOG_OBJECTS VALUES('agent_statechart_stats_log','VIEW')
INSERT INTO AL_SELECTED_LOG_OBJECTS VALUES('agent_type_statechart_stats_log','VIEW')
INSERT INTO AL_SELECTED_LOG_OBJECTS VALUES('statistics_log','VIEW')
INSERT INTO AL_SELECTED_LOG_OBJECTS VALUES('datasets_log','VIEW')
INSERT INTO AL_SELECTED_LOG_OBJECTS VALUES('histograms_log','VIEW')
INSERT INTO AL_SELECTED_LOG_OBJECTS VALUES('trace_log','VIEW')
COMMIT
/*C3*/SET SCHEMA PUBLIC
CREATE TABLE db_table ( al_id INT IDENTITY , db_column LONGVARCHAR NULL ) 
INSERT INTO AL_TABLES VALUES('db_table',NULL,'')
COMMIT
ALTER TABLE db_table RENAME TO scrumulation 
DELETE FROM AL_TABLES WHERE TABLE_NAME='db_table'
INSERT INTO AL_TABLES VALUES('scrumulation',NULL,'')
COMMIT
ALTER TABLE scrumulation RENAME TO organizacion 
DELETE FROM AL_TABLES WHERE TABLE_NAME='scrumulation'
INSERT INTO AL_TABLES VALUES('organizacion',NULL,'')
COMMIT
ALTER TABLE organizacion ALTER COLUMN db_column RENAME TO organizacion 
ALTER TABLE organizacion ALTER COLUMN organizacion RENAME TO id 
ALTER TABLE organizacion ALTER COLUMN id RENAME TO empleados 
ALTER TABLE organizacion ADD COLUMN db_column LONGVARCHAR NULL 
/*C2*/DISCONNECT
/*C3*/ALTER TABLE organizacion ALTER COLUMN db_column RENAME TO proyectos 
ALTER TABLE organizacion ADD COLUMN db_column LONGVARCHAR NULL 
ALTER TABLE organizacion ADD COLUMN db_column1 LONGVARCHAR NULL 
ALTER TABLE organizacion ADD COLUMN db_column2 LONGVARCHAR NULL 
ALTER TABLE organizacion ALTER COLUMN db_column RENAME TO scrum_masters 
ALTER TABLE organizacion ALTER COLUMN db_column1 RENAME TO horas_dia 
ALTER TABLE organizacion ALTER COLUMN horas_dia SET DOUBLE 
ALTER TABLE organizacion ALTER COLUMN db_column2 RENAME TO horas_semana 
ALTER TABLE organizacion ALTER COLUMN horas_semana SET DOUBLE 
ALTER TABLE organizacion ALTER COLUMN horas_semana SET VARCHAR(16777216) 
INSERT INTO AL_CUSTOM_TYPE VALUES('organizacion','horas_semana','CODE',NULL)
COMMIT
DELETE FROM AL_TABLES WHERE TABLE_NAME='organizacion'
INSERT INTO AL_TABLES VALUES('organizacion',NULL,'Tabla registra toda la informaci\u00f3n de la organizaci\u00f3n relevante para la simulaci\u00f3n y la aplicaci\u00f3n de los srum masters en la gesti\u00f3n de los proyectos.')
COMMIT
CREATE TABLE db_table ( al_id INT IDENTITY , db_column LONGVARCHAR NULL ) 
INSERT INTO AL_TABLES VALUES('db_table',NULL,'')
COMMIT
ALTER TABLE db_table RENAME TO proyecto 
DELETE FROM AL_TABLES WHERE TABLE_NAME='db_table'
INSERT INTO AL_TABLES VALUES('proyecto',NULL,'')
COMMIT
CREATE INDEX "AL_SYSTEM_IDX_fd5c48bb_4125_4ade_853d_43cb44cb31d6" ON proyecto ( db_column ) 
ALTER TABLE proyecto ADD CONSTRAINT "AL_SYSTEM_UQ_2710f8c4_2c8d_4389_9fdf_ba864577dc5a" UNIQUE ( db_column ) 
ALTER TABLE proyecto ALTER COLUMN db_column RENAME TO id 
ALTER TABLE proyecto ALTER COLUMN id SET INTEGER 
ALTER TABLE proyecto ADD COLUMN db_column LONGVARCHAR NULL 
ALTER TABLE proyecto ADD CONSTRAINT "AL_SYSTEM_UQ_7b597e2e_b8f2_43cf_9ced_bea563007c6f" UNIQUE ( db_column ) 
ALTER TABLE proyecto ALTER COLUMN db_column RENAME TO titulo 
ALTER TABLE proyecto ADD COLUMN db_column LONGVARCHAR NULL 
ALTER TABLE proyecto ALTER COLUMN db_column RENAME TO descripcion 
ALTER TABLE proyecto ADD COLUMN db_column LONGVARCHAR NULL 
ALTER TABLE proyecto ALTER COLUMN db_column RENAME TO loc 
ALTER TABLE proyecto ALTER COLUMN loc SET DOUBLE 
ALTER TABLE proyecto ALTER COLUMN loc SET INTEGER 
ALTER TABLE proyecto ADD COLUMN db_column LONGVARCHAR NULL 
ALTER TABLE proyecto ALTER COLUMN loc RENAME TO num_lineas_codigo 
ALTER TABLE proyecto ALTER COLUMN db_column RENAME TO fecha_inicio 
ALTER TABLE proyecto ALTER COLUMN fecha_inicio SET TIMESTAMP 
ALTER TABLE proyecto ADD COLUMN db_column LONGVARCHAR NULL 
ALTER TABLE proyecto ADD COLUMN db_column1 LONGVARCHAR NULL 
ALTER TABLE proyecto ALTER COLUMN db_column RENAME TO fecha_fin 
ALTER TABLE proyecto ALTER COLUMN fecha_fin SET TIMESTAMP 
ALTER TABLE proyecto ALTER COLUMN db_column1 RENAME TO scrum_manager 
ALTER TABLE proyecto ADD COLUMN db_column LONGVARCHAR NULL 
DELETE FROM AL_TABLES WHERE TABLE_NAME='proyecto'
INSERT INTO AL_TABLES VALUES('proyecto',NULL,'Listado de proyectos software que se desarrollan en la organizaci\u00f3n')
COMMIT
ALTER TABLE proyecto ALTER COLUMN db_column RENAME TO estado 
ALTER TABLE proyecto ALTER COLUMN estado SET INTEGER 
ALTER TABLE proyecto ALTER COLUMN estado RENAME TO estado_desarrollo 
ALTER TABLE proyecto ADD COLUMN db_column LONGVARCHAR NULL 
ALTER TABLE proyecto ALTER COLUMN db_column RENAME TO activo 
ALTER TABLE proyecto ALTER COLUMN activo SET BOOLEAN 
ALTER TABLE proyecto ALTER COLUMN activo SET VARCHAR(16777216) 
INSERT INTO AL_CUSTOM_TYPE VALUES('proyecto','activo','CODE',NULL)
COMMIT
DISCONNECT
